[root@f1 ~]# iptables -S -t filter
-P INPUT ACCEPT
-P FORWARD DROP
-P OUTPUT ACCEPT

#---------
-N CILIUM_FORWARD
-N CILIUM_INPUT
-N CILIUM_OUTPUT
#----------

-N DOCKER
-N DOCKER-ISOLATION-STAGE-1
-N DOCKER-ISOLATION-STAGE-2
-N DOCKER-USER
-N KUBE-EXTERNAL-SERVICES
-N KUBE-FIREWALL
-N KUBE-FORWARD
-N KUBE-KUBELET-CANARY
-N KUBE-NODEPORTS
-N KUBE-PROXY-CANARY
-N KUBE-SERVICES

#---------
-A INPUT -m comment --comment "cilium-feeder: CILIUM_INPUT" -j CILIUM_INPUT
#---------

-A INPUT -m comment --comment "kubernetes health check service ports" -j KUBE-NODEPORTS
-A INPUT -m conntrack --ctstate NEW -m comment --comment "kubernetes externally-visible service portals" -j KUBE-EXTERNAL-SERVICES
-A INPUT -j KUBE-FIREWALL

#---------
-A FORWARD -m comment --comment "cilium-feeder: CILIUM_FORWARD" -j CILIUM_FORWARD
#---------

-A FORWARD -m comment --comment "kubernetes forwarding rules" -j KUBE-FORWARD
-A FORWARD -m conntrack --ctstate NEW -m comment --comment "kubernetes service portals" -j KUBE-SERVICES
-A FORWARD -m conntrack --ctstate NEW -m comment --comment "kubernetes externally-visible service portals" -j KUBE-EXTERNAL-SERVICES
-A FORWARD -j DOCKER-USER
-A FORWARD -j DOCKER-ISOLATION-STAGE-1
-A FORWARD -o docker0 -m conntrack --ctstate RELATED,ESTABLISHED -j ACCEPT
-A FORWARD -o docker0 -j DOCKER
-A FORWARD -i docker0 ! -o docker0 -j ACCEPT
-A FORWARD -i docker0 -o docker0 -j ACCEPT

#---------
-A OUTPUT -m comment --comment "cilium-feeder: CILIUM_OUTPUT" -j CILIUM_OUTPUT
#---------

-A OUTPUT -m conntrack --ctstate NEW -m comment --comment "kubernetes service portals" -j KUBE-SERVICES
-A OUTPUT -j KUBE-FIREWALL

#---------
-A CILIUM_FORWARD -o cilium_host -m comment --comment "cilium: any->cluster on cilium_host forward accept" -j ACCEPT
-A CILIUM_FORWARD -i cilium_host -m comment --comment "cilium: cluster->any on cilium_host forward accept (nodeport)" -j ACCEPT
-A CILIUM_FORWARD -i lxc+ -m comment --comment "cilium: cluster->any on lxc+ forward accept" -j ACCEPT
-A CILIUM_FORWARD -i cilium_net -m comment --comment "cilium: cluster->any on cilium_net forward accept (nodeport)" -j ACCEPT
-A CILIUM_INPUT -m mark --mark 0x200/0xf00 -m comment --comment "cilium: ACCEPT for proxy traffic" -j ACCEPT
-A CILIUM_OUTPUT -m mark --mark 0xa00/0xe00 -m comment --comment "cilium: ACCEPT for proxy traffic" -j ACCEPT
-A CILIUM_OUTPUT -m mark --mark 0x800/0xe00 -m comment --comment "cilium: ACCEPT for l7 proxy upstream traffic" -j ACCEPT
-A CILIUM_OUTPUT -m mark ! --mark 0xe00/0xf00 -m mark ! --mark 0xd00/0xf00 -m mark ! --mark 0x400/0xf00 -m mark ! --mark 0xa00/0xe00 -m mark ! --mark 0x800/0xe00 -m mark ! --mark 0xf00/0xf00 -m comment --comment "cilium: host->any mark as from host" -j MARK --set-xmark 0xc00/0xf00
#---------

-A DOCKER-ISOLATION-STAGE-1 -i docker0 ! -o docker0 -j DOCKER-ISOLATION-STAGE-2
-A DOCKER-ISOLATION-STAGE-1 -j RETURN
-A DOCKER-ISOLATION-STAGE-2 -o docker0 -j DROP
-A DOCKER-ISOLATION-STAGE-2 -j RETURN
-A DOCKER-USER -j RETURN
-A KUBE-FIREWALL -m comment --comment "kubernetes firewall for dropping marked packets" -m mark --mark 0x8000/0x8000 -j DROP
-A KUBE-FIREWALL ! -s 127.0.0.0/8 -d 127.0.0.0/8 -m comment --comment "block incoming localnet connections" -m conntrack ! --ctstate RELATED,ESTABLISHED,DNAT -j DROP
-A KUBE-FORWARD -m conntrack --ctstate INVALID -j DROP
-A KUBE-FORWARD -m comment --comment "kubernetes forwarding rules" -m mark --mark 0x4000/0x4000 -j ACCEPT
-A KUBE-FORWARD -m comment --comment "kubernetes forwarding conntrack rule" -m conntrack --ctstate RELATED,ESTABLISHED -j ACCEPT